0 verbose cli [
0 verbose cli   '/Users/tristansanjuan/.nvm/versions/node/v12.20.2/bin/node',
0 verbose cli   '/Users/tristansanjuan/.nvm/versions/node/v12.20.2/bin/npm',
0 verbose cli   'install',
0 verbose cli   'chokidar2'
0 verbose cli ]
1 info using npm@7.20.6
2 info using node@v12.20.2
3 timing npm:load:whichnode Completed in 0ms
4 timing config:load:defaults Completed in 1ms
5 timing config:load:file:/Users/tristansanjuan/.nvm/versions/node/v12.20.2/lib/node_modules/npm/npmrc Completed in 1ms
6 timing config:load:builtin Completed in 2ms
7 timing config:load:cli Completed in 1ms
8 timing config:load:env Completed in 1ms
9 timing config:load:file:/Users/tristansanjuan/Desktop/AppAcademy/.npmrc Completed in 1ms
10 timing config:load:project Completed in 1ms
11 timing config:load:file:/Users/tristansanjuan/.npmrc Completed in 0ms
12 timing config:load:user Completed in 0ms
13 timing config:load:file:/Users/tristansanjuan/.nvm/versions/node/v12.20.2/etc/npmrc Completed in 1ms
14 timing config:load:global Completed in 1ms
15 timing config:load:validate Completed in 0ms
16 timing config:load:credentials Completed in 1ms
17 timing config:load:setEnvs Completed in 1ms
18 timing config:load Completed in 9ms
19 timing npm:load:configload Completed in 9ms
20 timing npm:load:setTitle Completed in 0ms
21 timing npm:load:setupLog Completed in 0ms
22 timing config:load:flatten Completed in 2ms
23 timing npm:load:cleanupLog Completed in 2ms
24 timing npm:load:configScope Completed in 0ms
25 timing npm:load:projectScope Completed in 0ms
26 timing npm:load Completed in 14ms
27 timing arborist:ctor Completed in 1ms
28 timing arborist:ctor Completed in 1ms
29 timing idealTree:init Completed in 11ms
30 timing idealTree:userRequests Completed in 1ms
31 silly idealTree buildDeps
32 silly fetch manifest chokidar2@*
33 http fetch GET 404 https://registry.npmjs.org/chokidar2 256ms (cache skip)
34 http fetch GET 404 https://registry.npmjs.org/chokidar2 166ms (cache skip)
35 silly placeDep ROOT chokidar2@ OK for:  want: *
36 timing idealTree:#root Completed in 429ms
37 timing idealTree:node_modules/chokidar2 Completed in 0ms
38 timing idealTree:buildDeps Completed in 430ms
39 timing idealTree:fixDepFlags Completed in 1ms
40 timing idealTree Completed in 443ms
41 timing command:install Completed in 453ms
42 verbose stack HttpErrorGeneral: 404 Not Found - GET https://registry.npmjs.org/chokidar2 - Not found
42 verbose stack     at /Users/tristansanjuan/.nvm/versions/node/v12.20.2/lib/node_modules/npm/node_modules/npm-registry-fetch/check-response.js:95:15
42 verbose stack     at processTicksAndRejections (internal/process/task_queues.js:97:5)
42 verbose stack     at async Arborist.[nodeFromEdge] (/Users/tristansanjuan/.nvm/versions/node/v12.20.2/lib/node_modules/npm/node_modules/@npmcli/arborist/lib/arborist/build-ideal-tree.js:987:19)
42 verbose stack     at async Arborist.[buildDepStep] (/Users/tristansanjuan/.nvm/versions/node/v12.20.2/lib/node_modules/npm/node_modules/@npmcli/arborist/lib/arborist/build-ideal-tree.js:867:11)
42 verbose stack     at async Arborist.buildIdealTree (/Users/tristansanjuan/.nvm/versions/node/v12.20.2/lib/node_modules/npm/node_modules/@npmcli/arborist/lib/arborist/build-ideal-tree.js:203:7)
42 verbose stack     at async Promise.all (index 1)
42 verbose stack     at async Arborist.reify (/Users/tristansanjuan/.nvm/versions/node/v12.20.2/lib/node_modules/npm/node_modules/@npmcli/arborist/lib/arborist/reify.js:141:5)
42 verbose stack     at async Install.install (/Users/tristansanjuan/.nvm/versions/node/v12.20.2/lib/node_modules/npm/lib/install.js:150:5)
43 verbose statusCode 404
44 verbose pkgid chokidar2@*
45 verbose cwd /Users/tristansanjuan/Desktop/AppAcademy
46 verbose Darwin 20.6.0
47 verbose argv "/Users/tristansanjuan/.nvm/versions/node/v12.20.2/bin/node" "/Users/tristansanjuan/.nvm/versions/node/v12.20.2/bin/npm" "install" "chokidar2"
48 verbose node v12.20.2
49 verbose npm  v7.20.6
50 error code E404
51 error 404 Not Found - GET https://registry.npmjs.org/chokidar2 - Not found
52 error 404
53 error 404 'chokidar2@*' is not in the npm registry.
54 error 404 You should bug the author to publish it (or use the name yourself!)
55 error 404 Note that you can also install from a
56 error 404 tarball, folder, http url, or git url.
57 verbose exit 1
