0 verbose cli [
0 verbose cli   '/Users/tristansanjuan/.nvm/versions/node/v12.20.2/bin/node',
0 verbose cli   '/Users/tristansanjuan/.nvm/versions/node/v12.20.2/bin/npm',
0 verbose cli   'run',
0 verbose cli   'de'
0 verbose cli ]
1 info using npm@7.20.6
2 info using node@v12.20.2
3 timing npm:load:whichnode Completed in 0ms
4 timing config:load:defaults Completed in 1ms
5 timing config:load:file:/Users/tristansanjuan/.nvm/versions/node/v12.20.2/lib/node_modules/npm/npmrc Completed in 1ms
6 timing config:load:builtin Completed in 2ms
7 timing config:load:cli Completed in 1ms
8 timing config:load:env Completed in 1ms
9 timing config:load:file:/Users/tristansanjuan/Desktop/AppAcademy/Projects/Social-Investments/rest-express/.npmrc Completed in 0ms
10 timing config:load:project Completed in 0ms
11 timing config:load:file:/Users/tristansanjuan/.npmrc Completed in 0ms
12 timing config:load:user Completed in 0ms
13 timing config:load:file:/Users/tristansanjuan/.nvm/versions/node/v12.20.2/etc/npmrc Completed in 1ms
14 timing config:load:global Completed in 1ms
15 timing config:load:validate Completed in 0ms
16 timing config:load:credentials Completed in 1ms
17 timing config:load:setEnvs Completed in 0ms
18 timing config:load Completed in 8ms
19 timing npm:load:configload Completed in 8ms
20 timing npm:load:setTitle Completed in 0ms
21 timing npm:load:setupLog Completed in 0ms
22 timing config:load:flatten Completed in 1ms
23 timing npm:load:cleanupLog Completed in 1ms
24 timing npm:load:configScope Completed in 0ms
25 timing npm:load:projectScope Completed in 0ms
26 timing npm:load Completed in 12ms
27 timing command:run-script Completed in 3ms
28 verbose stack Error: Missing script: "de"
28 verbose stack
28 verbose stack To see a list of scripts, run:
28 verbose stack   npm run
28 verbose stack     at RunScript.run (/Users/tristansanjuan/.nvm/versions/node/v12.20.2/lib/node_modules/npm/lib/run-script.js:104:13)
29 verbose cwd /Users/tristansanjuan/Desktop/AppAcademy/Projects/Social-Investments/rest-express
30 verbose Darwin 20.6.0
31 verbose argv "/Users/tristansanjuan/.nvm/versions/node/v12.20.2/bin/node" "/Users/tristansanjuan/.nvm/versions/node/v12.20.2/bin/npm" "run" "de"
32 verbose node v12.20.2
33 verbose npm  v7.20.6
34 error Missing script: "de"
34 error
34 error To see a list of scripts, run:
34 error   npm run
35 verbose exit 1
