0 verbose cli [
0 verbose cli   '/Users/tristansanjuan/.nvm/versions/node/v12.20.2/bin/node',
0 verbose cli   '/Users/tristansanjuan/.nvm/versions/node/v12.20.2/bin/npm',
0 verbose cli   'install',
0 verbose cli   '-g',
0 verbose cli   'npm@lastest'
0 verbose cli ]
1 info using npm@7.20.6
2 info using node@v12.20.2
3 timing npm:load:whichnode Completed in 0ms
4 timing config:load:defaults Completed in 2ms
5 timing config:load:file:/Users/tristansanjuan/.nvm/versions/node/v12.20.2/lib/node_modules/npm/npmrc Completed in 4ms
6 timing config:load:builtin Completed in 5ms
7 timing config:load:cli Completed in 7ms
8 timing config:load:env Completed in 1ms
9 timing config:load:file:/Users/tristansanjuan/Desktop/AppAcademy/cache/react-app/.npmrc Completed in 0ms
10 timing config:load:project Completed in 2ms
11 timing config:load:file:/Users/tristansanjuan/.npmrc Completed in 0ms
12 timing config:load:user Completed in 0ms
13 timing config:load:file:/Users/tristansanjuan/.nvm/versions/node/v12.20.2/etc/npmrc Completed in 2ms
14 timing config:load:global Completed in 2ms
15 timing config:load:validate Completed in 1ms
16 timing config:load:credentials Completed in 1ms
17 timing config:load:setEnvs Completed in 2ms
18 timing config:load Completed in 23ms
19 timing npm:load:configload Completed in 24ms
20 timing npm:load:setTitle Completed in 0ms
21 timing npm:load:setupLog Completed in 2ms
22 timing config:load:flatten Completed in 6ms
23 timing npm:load:cleanupLog Completed in 4ms
24 timing npm:load:configScope Completed in 0ms
25 timing npm:load:projectScope Completed in 0ms
26 timing npm:load Completed in 39ms
27 timing arborist:ctor Completed in 1ms
28 timing idealTree:init Completed in 29ms
29 http fetch GET 200 https://registry.npmjs.org/npm 97ms (cache hit)
30 timing idealTree Completed in 249ms
31 timing command:install Completed in 275ms
32 verbose type tag
33 verbose stack npm: No matching version found for npm@lastest.
33 verbose stack     at module.exports (/Users/tristansanjuan/.nvm/versions/node/v12.20.2/lib/node_modules/npm/node_modules/npm-pick-manifest/index.js:209:23)
33 verbose stack     at /Users/tristansanjuan/.nvm/versions/node/v12.20.2/lib/node_modules/npm/node_modules/pacote/lib/registry.js:118:26
33 verbose stack     at async Arborist.[retrieveSpecName] (/Users/tristansanjuan/.nvm/versions/node/v12.20.2/lib/node_modules/npm/node_modules/@npmcli/arborist/lib/arborist/build-ideal-tree.js:483:18)
33 verbose stack     at async /Users/tristansanjuan/.nvm/versions/node/v12.20.2/lib/node_modules/npm/node_modules/@npmcli/arborist/lib/arborist/build-ideal-tree.js:455:20
33 verbose stack     at async Promise.all (index 0)
33 verbose stack     at async Arborist.[applyUserRequestsToNode] (/Users/tristansanjuan/.nvm/versions/node/v12.20.2/lib/node_modules/npm/node_modules/@npmcli/arborist/lib/arborist/build-ideal-tree.js:427:7)
33 verbose stack     at async Arborist.[applyUserRequests] (/Users/tristansanjuan/.nvm/versions/node/v12.20.2/lib/node_modules/npm/node_modules/@npmcli/arborist/lib/arborist/build-ideal-tree.js:383:7)
33 verbose stack     at async Arborist.buildIdealTree (/Users/tristansanjuan/.nvm/versions/node/v12.20.2/lib/node_modules/npm/node_modules/@npmcli/arborist/lib/arborist/build-ideal-tree.js:202:7)
33 verbose stack     at async Arborist.reify (/Users/tristansanjuan/.nvm/versions/node/v12.20.2/lib/node_modules/npm/node_modules/@npmcli/arborist/lib/arborist/reify.js:141:5)
33 verbose stack     at async Install.install (/Users/tristansanjuan/.nvm/versions/node/v12.20.2/lib/node_modules/npm/lib/install.js:150:5)
34 verbose cwd /Users/tristansanjuan/Desktop/AppAcademy/cache/react-app
35 verbose Darwin 20.6.0
36 verbose argv "/Users/tristansanjuan/.nvm/versions/node/v12.20.2/bin/node" "/Users/tristansanjuan/.nvm/versions/node/v12.20.2/bin/npm" "install" "-g" "npm@lastest"
37 verbose node v12.20.2
38 verbose npm  v7.20.6
39 error code ETARGET
40 error notarget No matching version found for npm@lastest.
41 error notarget In most cases you or one of your dependencies are requesting
41 error notarget a package version that doesn't exist.
42 verbose exit 1
