0 verbose cli [
0 verbose cli   '/Users/tristansanjuan/.nvm/versions/node/v12.20.2/bin/node',
0 verbose cli   '/Users/tristansanjuan/.nvm/versions/node/v12.20.2/bin/npm',
0 verbose cli   'install',
0 verbose cli   '--ignore-scripts',
0 verbose cli   'types-registry@latest'
0 verbose cli ]
1 info using npm@7.20.6
2 info using node@v12.20.2
3 timing npm:load:whichnode Completed in 0ms
4 timing config:load:defaults Completed in 1ms
5 timing config:load:file:/Users/tristansanjuan/.nvm/versions/node/v12.20.2/lib/node_modules/npm/npmrc Completed in 2ms
6 timing config:load:builtin Completed in 2ms
7 timing config:load:cli Completed in 1ms
8 timing config:load:env Completed in 0ms
9 timing config:load:file:/Users/tristansanjuan/Library/Caches/typescript/4.4/.npmrc Completed in 0ms
10 timing config:load:project Completed in 0ms
11 timing config:load:file:/Users/tristansanjuan/.npmrc Completed in 0ms
12 timing config:load:user Completed in 0ms
13 timing config:load:file:/Users/tristansanjuan/.nvm/versions/node/v12.20.2/etc/npmrc Completed in 1ms
14 timing config:load:global Completed in 1ms
15 timing config:load:validate Completed in 0ms
16 timing config:load:credentials Completed in 1ms
17 timing config:load:setEnvs Completed in 1ms
18 timing config:load Completed in 8ms
19 timing npm:load:configload Completed in 8ms
20 timing npm:load:setTitle Completed in 0ms
21 timing npm:load:setupLog Completed in 0ms
22 timing config:load:flatten Completed in 2ms
23 timing npm:load:cleanupLog Completed in 2ms
24 timing npm:load:configScope Completed in 0ms
25 timing npm:load:projectScope Completed in 1ms
26 timing npm:load Completed in 13ms
27 timing arborist:ctor Completed in 1ms
28 timing idealTree:init Completed in 23ms
29 timing arborist:ctor Completed in 0ms
30 http fetch GET 200 https://registry.npmjs.org/types-registry 447ms (cache updated)
31 timing idealTree:userRequests Completed in 454ms
32 silly idealTree buildDeps
33 silly fetch manifest types-registry@0.1.559
34 silly placeDep ROOT types-registry@0.1.559 REPLACE for:  want: 0.1.559
35 timing idealTree:#root Completed in 7ms
36 timing idealTree:node_modules/types-registry Completed in 0ms
37 timing idealTree:buildDeps Completed in 7ms
38 timing idealTree:fixDepFlags Completed in 0ms
39 timing idealTree Completed in 486ms
40 timing reify:loadTrees Completed in 486ms
41 timing reify:diffTrees Completed in 2ms
42 silly reify mark retired [
42 silly reify   '/Users/tristansanjuan/Library/Caches/typescript/4.4/node_modules/types-registry'
42 silly reify ]
43 silly reify moves {
43 silly reify   '/Users/tristansanjuan/Library/Caches/typescript/4.4/node_modules/types-registry': '/Users/tristansanjuan/Library/Caches/typescript/4.4/node_modules/.types-registry-WhkEzthx'
43 silly reify }
44 timing reify:rollback:retireShallow Completed in 0ms
45 timing command:install Completed in 496ms
46 verbose stack Error: ENOTEMPTY: directory not empty, rename '/Users/tristansanjuan/Library/Caches/typescript/4.4/node_modules/types-registry' -> '/Users/tristansanjuan/Library/Caches/typescript/4.4/node_modules/.types-registry-WhkEzthx'
47 verbose cwd /Users/tristansanjuan/Library/Caches/typescript/4.4
48 verbose Darwin 20.6.0
49 verbose argv "/Users/tristansanjuan/.nvm/versions/node/v12.20.2/bin/node" "/Users/tristansanjuan/.nvm/versions/node/v12.20.2/bin/npm" "install" "--ignore-scripts" "types-registry@latest"
50 verbose node v12.20.2
51 verbose npm  v7.20.6
52 error code ENOTEMPTY
53 error syscall rename
54 error path /Users/tristansanjuan/Library/Caches/typescript/4.4/node_modules/types-registry
55 error dest /Users/tristansanjuan/Library/Caches/typescript/4.4/node_modules/.types-registry-WhkEzthx
56 error errno -66
57 error ENOTEMPTY: directory not empty, rename '/Users/tristansanjuan/Library/Caches/typescript/4.4/node_modules/types-registry' -> '/Users/tristansanjuan/Library/Caches/typescript/4.4/node_modules/.types-registry-WhkEzthx'
58 verbose exit -66
