0 verbose cli [
0 verbose cli   '/Users/tristansanjuan/.nvm/versions/node/v12.20.2/bin/node',
0 verbose cli   '/Users/tristansanjuan/.nvm/versions/node/v12.20.2/bin/npm',
0 verbose cli   'i',
0 verbose cli   'playwrite'
0 verbose cli ]
1 info using npm@7.20.6
2 info using node@v12.20.2
3 timing npm:load:whichnode Completed in 0ms
4 timing config:load:defaults Completed in 1ms
5 timing config:load:file:/Users/tristansanjuan/.nvm/versions/node/v12.20.2/lib/node_modules/npm/npmrc Completed in 1ms
6 timing config:load:builtin Completed in 1ms
7 timing config:load:cli Completed in 1ms
8 timing config:load:env Completed in 0ms
9 timing config:load:file:/Users/tristansanjuan/Downloads/qawolf-take-home/.npmrc Completed in 0ms
10 timing config:load:project Completed in 1ms
11 timing config:load:file:/Users/tristansanjuan/.npmrc Completed in 0ms
12 timing config:load:user Completed in 0ms
13 timing config:load:file:/Users/tristansanjuan/.nvm/versions/node/v12.20.2/etc/npmrc Completed in 1ms
14 timing config:load:global Completed in 1ms
15 timing config:load:validate Completed in 1ms
16 timing config:load:credentials Completed in 1ms
17 timing config:load:setEnvs Completed in 0ms
18 timing config:load Completed in 7ms
19 timing npm:load:configload Completed in 7ms
20 timing npm:load:setTitle Completed in 0ms
21 timing npm:load:setupLog Completed in 1ms
22 timing config:load:flatten Completed in 1ms
23 timing npm:load:cleanupLog Completed in 2ms
24 timing npm:load:configScope Completed in 0ms
25 timing npm:load:projectScope Completed in 0ms
26 timing npm:load Completed in 13ms
27 timing arborist:ctor Completed in 1ms
28 timing idealTree:init Completed in 21ms
29 timing idealTree:userRequests Completed in 1ms
30 silly idealTree buildDeps
31 silly fetch manifest playwrite@*
32 verbose shrinkwrap failed to load node_modules/.package-lock.json missing from lockfile: node_modules/node/node_modules/node-bin-setup
33 http fetch GET 404 https://registry.npmjs.org/playwrite 434ms (cache skip)
34 http fetch GET 404 https://registry.npmjs.org/playwrite 97ms (cache skip)
35 silly placeDep ROOT playwrite@ OK for: qawolf-take-home@1.0.0 want: *
36 timing idealTree:#root Completed in 536ms
37 timing idealTree:node_modules/playwrite Completed in 0ms
38 timing idealTree:buildDeps Completed in 537ms
39 timing idealTree:fixDepFlags Completed in 1ms
40 timing idealTree Completed in 560ms
41 timing command:install Completed in 567ms
42 verbose stack HttpErrorGeneral: 404 Not Found - GET https://registry.npmjs.org/playwrite - Not found
42 verbose stack     at /Users/tristansanjuan/.nvm/versions/node/v12.20.2/lib/node_modules/npm/node_modules/npm-registry-fetch/check-response.js:95:15
42 verbose stack     at processTicksAndRejections (internal/process/task_queues.js:97:5)
42 verbose stack     at async Arborist.[nodeFromEdge] (/Users/tristansanjuan/.nvm/versions/node/v12.20.2/lib/node_modules/npm/node_modules/@npmcli/arborist/lib/arborist/build-ideal-tree.js:987:19)
42 verbose stack     at async Arborist.[buildDepStep] (/Users/tristansanjuan/.nvm/versions/node/v12.20.2/lib/node_modules/npm/node_modules/@npmcli/arborist/lib/arborist/build-ideal-tree.js:867:11)
42 verbose stack     at async Arborist.buildIdealTree (/Users/tristansanjuan/.nvm/versions/node/v12.20.2/lib/node_modules/npm/node_modules/@npmcli/arborist/lib/arborist/build-ideal-tree.js:203:7)
42 verbose stack     at async Promise.all (index 1)
42 verbose stack     at async Arborist.reify (/Users/tristansanjuan/.nvm/versions/node/v12.20.2/lib/node_modules/npm/node_modules/@npmcli/arborist/lib/arborist/reify.js:141:5)
42 verbose stack     at async Install.install (/Users/tristansanjuan/.nvm/versions/node/v12.20.2/lib/node_modules/npm/lib/install.js:150:5)
43 verbose statusCode 404
44 verbose pkgid playwrite@*
45 verbose cwd /Users/tristansanjuan/Downloads/qawolf-take-home
46 verbose Darwin 21.3.0
47 verbose argv "/Users/tristansanjuan/.nvm/versions/node/v12.20.2/bin/node" "/Users/tristansanjuan/.nvm/versions/node/v12.20.2/bin/npm" "i" "playwrite"
48 verbose node v12.20.2
49 verbose npm  v7.20.6
50 error code E404
51 error 404 Not Found - GET https://registry.npmjs.org/playwrite - Not found
52 error 404
53 error 404 'playwrite@*' is not in the npm registry.
54 error 404 You should bug the author to publish it (or use the name yourself!)
55 error 404 Note that you can also install from a
56 error 404 tarball, folder, http url, or git url.
57 verbose exit 1
