0 verbose cli [
0 verbose cli   '/Users/tristansanjuan/.nvm/versions/node/v12.20.2/bin/node',
0 verbose cli   '/Users/tristansanjuan/.nvm/versions/node/v12.20.2/bin/npm',
0 verbose cli   'i'
0 verbose cli ]
1 info using npm@7.20.6
2 info using node@v12.20.2
3 timing npm:load:whichnode Completed in 0ms
4 timing config:load:defaults Completed in 1ms
5 timing config:load:file:/Users/tristansanjuan/.nvm/versions/node/v12.20.2/lib/node_modules/npm/npmrc Completed in 1ms
6 timing config:load:builtin Completed in 1ms
7 timing config:load:cli Completed in 2ms
8 timing config:load:env Completed in 0ms
9 timing config:load:file:/Users/tristansanjuan/Downloads/qawolf-take-home/.npmrc Completed in 0ms
10 timing config:load:project Completed in 1ms
11 timing config:load:file:/Users/tristansanjuan/.npmrc Completed in 0ms
12 timing config:load:user Completed in 0ms
13 timing config:load:file:/Users/tristansanjuan/.nvm/versions/node/v12.20.2/etc/npmrc Completed in 1ms
14 timing config:load:global Completed in 1ms
15 timing config:load:validate Completed in 0ms
16 timing config:load:credentials Completed in 1ms
17 timing config:load:setEnvs Completed in 1ms
18 timing config:load Completed in 8ms
19 timing npm:load:configload Completed in 8ms
20 timing npm:load:setTitle Completed in 0ms
21 timing npm:load:setupLog Completed in 0ms
22 timing config:load:flatten Completed in 2ms
23 timing npm:load:cleanupLog Completed in 2ms
24 timing npm:load:configScope Completed in 0ms
25 timing npm:load:projectScope Completed in 0ms
26 timing npm:load Completed in 14ms
27 timing arborist:ctor Completed in 0ms
28 timing arborist:ctor Completed in 0ms
29 timing idealTree:init Completed in 9ms
30 timing idealTree:userRequests Completed in 0ms
31 silly idealTree buildDeps
32 timing idealTree:#root Completed in 0ms
33 timing idealTree:buildDeps Completed in 6ms
34 timing idealTree:fixDepFlags Completed in 0ms
35 timing idealTree Completed in 17ms
36 timing reify:loadTrees Completed in 18ms
37 timing reify:diffTrees Completed in 0ms
38 silly reify moves {}
39 timing reify:retireShallow Completed in 0ms
40 timing reify:createSparse Completed in 0ms
41 timing reify:loadBundles Completed in 0ms
42 silly audit report null
43 timing reify:audit Completed in 1ms
44 timing reify:unpack Completed in 1ms
45 timing reify:unretire Completed in 0ms
46 timing build:queue Completed in 0ms
47 timing build:deps Completed in 0ms
48 timing build Completed in 0ms
49 timing reify:build Completed in 0ms
50 timing reify:trash Completed in 0ms
51 timing reify:save Completed in 1ms
52 timing reify Completed in 28ms
53 timing command:install Completed in 30ms
54 verbose stack Error: ENOENT: no such file or directory, open '/Users/tristansanjuan/Downloads/qawolf-take-home/package.json'
55 verbose cwd /Users/tristansanjuan/Downloads/qawolf-take-home
56 verbose Darwin 21.3.0
57 verbose argv "/Users/tristansanjuan/.nvm/versions/node/v12.20.2/bin/node" "/Users/tristansanjuan/.nvm/versions/node/v12.20.2/bin/npm" "i"
58 verbose node v12.20.2
59 verbose npm  v7.20.6
60 error code ENOENT
61 error syscall open
62 error path /Users/tristansanjuan/Downloads/qawolf-take-home/package.json
63 error errno -2
64 error enoent ENOENT: no such file or directory, open '/Users/tristansanjuan/Downloads/qawolf-take-home/package.json'
65 error enoent This is related to npm not being able to find a file.
66 verbose exit -2
