0 verbose cli [
0 verbose cli   '/Users/tristansanjuan/.nvm/versions/node/v12.20.2/bin/node',
0 verbose cli   '/Users/tristansanjuan/.nvm/versions/node/v12.20.2/lib/node_modules/npm/bin/npm-cli.js',
0 verbose cli   'exec',
0 verbose cli   '--',
0 verbose cli   'playright',
0 verbose cli   'install'
0 verbose cli ]
1 info using npm@7.20.6
2 info using node@v12.20.2
3 timing npm:load:whichnode Completed in 1ms
4 timing config:load:defaults Completed in 1ms
5 timing config:load:file:/Users/tristansanjuan/.nvm/versions/node/v12.20.2/lib/node_modules/npm/npmrc Completed in 1ms
6 timing config:load:builtin Completed in 1ms
7 timing config:load:cli Completed in 1ms
8 timing config:load:env Completed in 0ms
9 timing config:load:file:/Users/tristansanjuan/Downloads/qawolf-take-home/.npmrc Completed in 0ms
10 timing config:load:project Completed in 1ms
11 timing config:load:file:/Users/tristansanjuan/.npmrc Completed in 0ms
12 timing config:load:user Completed in 0ms
13 timing config:load:file:/Users/tristansanjuan/.nvm/versions/node/v12.20.2/etc/npmrc Completed in 1ms
14 timing config:load:global Completed in 1ms
15 timing config:load:validate Completed in 0ms
16 timing config:load:credentials Completed in 1ms
17 timing config:load:setEnvs Completed in 1ms
18 timing config:load Completed in 7ms
19 timing npm:load:configload Completed in 7ms
20 timing npm:load:setTitle Completed in 0ms
21 timing npm:load:setupLog Completed in 0ms
22 timing config:load:flatten Completed in 2ms
23 timing npm:load:cleanupLog Completed in 2ms
24 timing npm:load:configScope Completed in 0ms
25 timing npm:load:projectScope Completed in 1ms
26 timing npm:load Completed in 14ms
27 http fetch GET 200 https://registry.npmjs.org/playright 404ms (cache revalidated)
28 timing command:exec Completed in 413ms
29 verbose stack Error: could not determine executable to run
29 verbose stack     at getBinFromManifest (/Users/tristansanjuan/.nvm/versions/node/v12.20.2/lib/node_modules/npm/node_modules/libnpmexec/lib/get-bin-from-manifest.js:15:23)
29 verbose stack     at exec (/Users/tristansanjuan/.nvm/versions/node/v12.20.2/lib/node_modules/npm/node_modules/libnpmexec/lib/index.js:113:15)
30 verbose pkgid playright@0.0.22
31 verbose cwd /Users/tristansanjuan/Downloads/qawolf-take-home
32 verbose Darwin 21.3.0
33 verbose argv "/Users/tristansanjuan/.nvm/versions/node/v12.20.2/bin/node" "/Users/tristansanjuan/.nvm/versions/node/v12.20.2/lib/node_modules/npm/bin/npm-cli.js" "exec" "--" "playright" "install"
34 verbose node v12.20.2
35 verbose npm  v7.20.6
36 error could not determine executable to run
37 verbose exit 1
